# JRE version: OpenJDK Runtime Environment Temurin-21.0.12.1+1 (21.0.12.1+1) (build 21.0.12.1+1-LTS)
# Java VM: OpenJDK 64-Bit Server VM Temurin-21.0.12.1+1 (21.0.12.1+1-LTS, mixed mode, sharing, tiered, compressed oops, compressed class ptrs, parallel gc, windows-amd64)
GC Precious Log:
 CardTable entry size: 512
 CPUs: 4 total, 4 available
 Memory: 4053M
 Large Page Support: Disabled
 NUMA Support: Disabled
 Compressed Oops: Enabled (Zero based)
 Alignments: Space 512K, Generation 512K, Heap 2M
 Heap Min Capacity: 100M
 Heap Initial Capacity: 100M
 Heap Max Capacity: 4G
 Pre-touch: Disabled
 Parallel Workers: 4
Heap:
 PSYoungGen      total 55808K, used 18386K [0x00000007aab00000, 0x00000007aee00000, 0x0000000800000000)
  eden space 44544K, 16% used [0x00000007aab00000,0x00000007ab1fa1b0,0x00000007ad680000)
  from space 11264K, 99% used [0x00000007ae300000,0x00000007aedfa7c8,0x00000007aee00000)
  to   space 9728K, 0% used [0x00000007ad680000,0x00000007ad680000,0x00000007ae000000)
 ParOldGen       total 2796544K, used 1492627K [0x0000000700000000, 0x00000007aab00000, 0x00000007aab00000)
  object space 2796544K, 53% used [0x0000000700000000,0x000000075b1a4d48,0x00000007aab00000)
 Metaspace       used 76723K, committed 78144K, reserved 1179648K
  class space    used 8185K, committed 8832K, reserved 1048576K
GC Heap History (20 events):
Event: 212.708 GC heap before
{Heap before GC invocations=76 (full 9):
 PSYoungGen      total 41984K, used 39274K [0x00000007aab00000, 0x00000007ad800000, 0x0000000800000000)
  eden space 38400K, 94% used [0x00000007aab00000,0x00000007ace468e8,0x00000007ad080000)
  from space 3584K, 87% used [0x00000007ad480000,0x00000007ad794180,0x00000007ad800000)
  to   space 3584K, 0% used [0x00000007ad100000,0x00000007ad100000,0x00000007ad480000)
 ParOldGen       total 2796544K, used 1465129K [0x0000000700000000, 0x00000007aab00000, 0x00000007aab00000)
  object space 2796544K, 52% used [0x0000000700000000,0x00000007596ca7d8,0x00000007aab00000)
 Metaspace       used 75985K, committed 77440K, reserved 1179648K
  class space    used 8151K, committed 8832K, reserved 1048576K
}
Event: 213.870 GC heap after
{Heap after GC invocations=76 (full 9):
 PSYoungGen      total 42496K, used 3552K [0x00000007aab00000, 0x00000007adb80000, 0x0000000800000000)
  eden space 38912K, 0% used [0x00000007aab00000,0x00000007aab00000,0x00000007ad100000)
  from space 3584K, 99% used [0x00000007ad100000,0x00000007ad478020,0x00000007ad480000)
  to   space 5120K, 0% used [0x00000007ad680000,0x00000007ad680000,0x00000007adb80000)
 ParOldGen       total 2796544K, used 1466362K [0x0000000700000000, 0x00000007aab00000, 0x00000007aab00000)
  object space 2796544K, 52% used [0x0000000700000000,0x00000007597fe828,0x00000007aab00000)
 Metaspace       used 75985K, committed 77440K, reserved 1179648K
  class space    used 8151K, committed 8832K, reserved 1048576K
}
Event: 213.871 GC heap before
{Heap before GC invocations=77 (full 9):
 PSYoungGen      total 42496K, used 3552K [0x00000007aab00000, 0x00000007adb80000, 0x0000000800000000)
  eden space 38912K, 0% used [0x00000007aab00000,0x00000007aab00000,0x00000007ad100000)
  from space 3584K, 99% used [0x00000007ad100000,0x00000007ad478020,0x00000007ad480000)
  to   space 5120K, 0% used [0x00000007ad680000,0x00000007ad680000,0x00000007adb80000)
 ParOldGen       total 2796544K, used 1466362K [0x0000000700000000, 0x00000007aab00000, 0x00000007aab00000)
  object space 2796544K, 52% used [0x0000000700000000,0x00000007597fe828,0x00000007aab00000)
 Metaspace       used 75985K, committed 77440K, reserved 1179648K
  class space    used 8151K, committed 8832K, reserved 1048576K
}
Event: 213.925 GC heap after
{Heap after GC invocations=77 (full 9):
 PSYoungGen      total 46080K, used 2464K [0x00000007aab00000, 0x00000007adb80000, 0x0000000800000000)
  eden space 40960K, 0% used [0x00000007aab00000,0x00000007aab00000,0x00000007ad300000)
  from space 5120K, 48% used [0x00000007ad680000,0x00000007ad8e8000,0x00000007adb80000)
  to   space 3584K, 0% used [0x00000007ad300000,0x00000007ad300000,0x00000007ad680000)
 ParOldGen       total 2796544K, used 1467516K [0x0000000700000000, 0x00000007aab00000, 0x00000007aab00000)
  object space 2796544K, 52% used [0x0000000700000000,0x000000075991f148,0x00000007aab00000)
 Metaspace       used 75985K, committed 77440K, reserved 1179648K
  class space    used 8151K, committed 8832K, reserved 1048576K
}
Event: 213.925 GC heap before
{Heap before GC invocations=78 (full 10):
 PSYoungGen      total 46080K, used 2464K [0x00000007aab00000, 0x00000007adb80000, 0x0000000800000000)
  eden space 40960K, 0% used [0x00000007aab00000,0x00000007aab00000,0x00000007ad300000)
  from space 5120K, 48% used [0x00000007ad680000,0x00000007ad8e8000,0x00000007adb80000)
  to   space 3584K, 0% used [0x00000007ad300000,0x00000007ad300000,0x00000007ad680000)
 ParOldGen       total 2796544K, used 1467516K [0x0000000700000000, 0x00000007aab00000, 0x00000007aab00000)
  object space 2796544K, 52% used [0x0000000700000000,0x000000075991f148,0x00000007aab00000)
 Metaspace       used 75985K, committed 77440K, reserved 1179648K
  class space    used 8151K, committed 8832K, reserved 1048576K
}
Event: 224.932 GC heap after
{Heap after GC invocations=78 (full 10):
 PSYoungGen      total 44544K, used 0K [0x00000007aab00000, 0x00000007ade00000, 0x0000000800000000)
  eden space 40960K, 0% used [0x00000007aab00000,0x00000007aab00000,0x00000007ad300000)
  from space 3584K, 0% used [0x00000007ad300000,0x00000007ad300000,0x00000007ad680000)
  to   space 3584K, 0% used [0x00000007ada80000,0x00000007ada80000,0x00000007ade00000)
 ParOldGen       total 1608192K, used 1466993K [0x0000000700000000, 0x0000000762280000, 0x00000007aab00000)
  object space 1608192K, 91% used [0x0000000700000000,0x000000075989c590,0x0000000762280000)
 Metaspace       used 75985K, committed 77440K, reserved 1179648K
  class space    used 8151K, committed 8832K, reserved 1048576K
}
Event: 224.944 GC heap before
{Heap before GC invocations=79 (full 10):
 PSYoungGen      total 44544K, used 0K [0x00000007aab00000, 0x00000007ade00000, 0x0000000800000000)
  eden space 40960K, 0% used [0x00000007aab00000,0x00000007aab00000,0x00000007ad300000)
  from space 3584K, 0% used [0x00000007ad300000,0x00000007ad300000,0x00000007ad680000)
  to   space 3584K, 0% used [0x00000007ada80000,0x00000007ada80000,0x00000007ade00000)
 ParOldGen       total 2796544K, used 1466993K [0x0000000700000000, 0x00000007aab00000, 0x00000007aab00000)
  object space 2796544K, 52% used [0x0000000700000000,0x000000075989c590,0x00000007aab00000)
 Metaspace       used 75985K, committed 77440K, reserved 1179648K
  class space    used 8151K, committed 8832K, reserved 1048576K
}
Event: 225.022 GC heap after
{Heap after GC invocations=79 (full 10):
 PSYoungGen      total 45056K, used 0K [0x00000007aab00000, 0x00000007adb00000, 0x0000000800000000)
  eden space 44544K, 0% used [0x00000007aab00000,0x00000007aab00000,0x00000007ad680000)
  from space 512K, 0% used [0x00000007ada80000,0x00000007ada80000,0x00000007adb00000)
  to   space 1536K, 0% used [0x00000007ad800000,0x00000007ad800000,0x00000007ad980000)
 ParOldGen       total 2796544K, used 1466993K [0x0000000700000000, 0x00000007aab00000, 0x00000007aab00000)
  object space 2796544K, 52% used [0x0000000700000000,0x000000075989c590,0x00000007aab00000)
 Metaspace       used 75985K, committed 77440K, reserved 1179648K
  class space    used 8151K, committed 8832K, reserved 1048576K
}
Event: 225.022 GC heap before
{Heap before GC invocations=80 (full 11):
 PSYoungGen      total 45056K, used 0K [0x00000007aab00000, 0x00000007adb00000, 0x0000000800000000)
  eden space 44544K, 0% used [0x00000007aab00000,0x00000007aab00000,0x00000007ad680000)
  from space 512K, 0% used [0x00000007ada80000,0x00000007ada80000,0x00000007adb00000)
  to   space 1536K, 0% used [0x00000007ad800000,0x00000007ad800000,0x00000007ad980000)
 ParOldGen       total 2796544K, used 1466993K [0x0000000700000000, 0x00000007aab00000, 0x00000007aab00000)
  object space 2796544K, 52% used [0x0000000700000000,0x000000075989c590,0x00000007aab00000)
 Metaspace       used 75985K, committed 77440K, reserved 1179648K
  class space    used 8151K, committed 8832K, reserved 1048576K
}
Event: 233.854 GC heap after
{Heap after GC invocations=80 (full 11):
 PSYoungGen      total 47616K, used 0K [0x00000007aab00000, 0x00000007adc80000, 0x0000000800000000)
  eden space 46080K, 0% used [0x00000007aab00000,0x00000007aab00000,0x00000007ad800000)
  from space 1536K, 0% used [0x00000007ad800000,0x00000007ad800000,0x00000007ad980000)
  to   space 1536K, 0% used [0x00000007adb00000,0x00000007adb00000,0x00000007adc80000)
 ParOldGen       total 1634816K, used 1465519K [0x0000000700000000, 0x0000000763c80000, 0x00000007aab00000)
  object space 1634816K, 89% used [0x0000000700000000,0x000000075972be50,0x0000000763c80000)
 Metaspace       used 75909K, committed 77440K, reserved 1179648K
  class space    used 8131K, committed 8832K, reserved 1048576K
}
Event: 295.482 GC heap before
{Heap before GC invocations=81 (full 11):
 PSYoungGen      total 47616K, used 46080K [0x00000007aab00000, 0x00000007adc80000, 0x0000000800000000)
  eden space 46080K, 100% used [0x00000007aab00000,0x00000007ad800000,0x00000007ad800000)
  from space 1536K, 0% used [0x00000007ad800000,0x00000007ad800000,0x00000007ad980000)
  to   space 1536K, 0% used [0x00000007adb00000,0x00000007adb00000,0x00000007adc80000)
 ParOldGen       total 2796544K, used 1465519K [0x0000000700000000, 0x00000007aab00000, 0x00000007aab00000)
  object space 2796544K, 52% used [0x0000000700000000,0x000000075972be50,0x00000007aab00000)
 Metaspace       used 76389K, committed 77888K, reserved 1179648K
  class space    used 8156K, committed 8832K, reserved 1048576K
}
Event: 295.506 GC heap after
{Heap after GC invocations=81 (full 11):
 PSYoungGen      total 47104K, used 1519K [0x00000007aab00000, 0x00000007ae180000, 0x0000000800000000)
  eden space 45568K, 0% used [0x00000007aab00000,0x00000007aab00000,0x00000007ad780000)
  from space 1536K, 98% used [0x00000007adb00000,0x00000007adc7bd50,0x00000007adc80000)
  to   space 3584K, 0% used [0x00000007ad780000,0x00000007ad780000,0x00000007adb00000)
 ParOldGen       total 2796544K, used 1466771K [0x0000000700000000, 0x00000007aab00000, 0x00000007aab00000)
  object space 2796544K, 52% used [0x0000000700000000,0x0000000759864d60,0x00000007aab00000)
 Metaspace       used 76389K, committed 77888K, reserved 1179648K
  class space    used 8156K, committed 8832K, reserved 1048576K
}
Event: 298.373 GC heap before
{Heap before GC invocations=82 (full 11):
 PSYoungGen      total 47104K, used 47087K [0x00000007aab00000, 0x00000007ae180000, 0x0000000800000000)
  eden space 45568K, 99% used [0x00000007aab00000,0x00000007ad77fec0,0x00000007ad780000)
  from space 1536K, 98% used [0x00000007adb00000,0x00000007adc7bd50,0x00000007adc80000)
  to   space 3584K, 0% used [0x00000007ad780000,0x00000007ad780000,0x00000007adb00000)
 ParOldGen       total 2796544K, used 1466771K [0x0000000700000000, 0x00000007aab00000, 0x00000007aab00000)
  object space 2796544K, 52% used [0x0000000700000000,0x0000000759864d60,0x00000007aab00000)
 Metaspace       used 76541K, committed 78016K, reserved 1179648K
  class space    used 8159K, committed 8832K, reserved 1048576K
}
Event: 298.396 GC heap after
{Heap after GC invocations=82 (full 11):
 PSYoungGen      total 49152K, used 3559K [0x00000007aab00000, 0x00000007aef80000, 0x0000000800000000)
  eden space 45568K, 0% used [0x00000007aab00000,0x00000007aab00000,0x00000007ad780000)
  from space 3584K, 99% used [0x00000007ad780000,0x00000007adaf9f88,0x00000007adb00000)
  to   space 11264K, 0% used [0x00000007ae480000,0x00000007ae480000,0x00000007aef80000)
 ParOldGen       total 2796544K, used 1472864K [0x0000000700000000, 0x00000007aab00000, 0x00000007aab00000)
  object space 2796544K, 52% used [0x0000000700000000,0x0000000759e58240,0x00000007aab00000)
 Metaspace       used 76541K, committed 78016K, reserved 1179648K
  class space    used 8159K, committed 8832K, reserved 1048576K
}
Event: 304.745 GC heap before
{Heap before GC invocations=83 (full 11):
 PSYoungGen      total 49152K, used 49127K [0x00000007aab00000, 0x00000007aef80000, 0x0000000800000000)
  eden space 45568K, 100% used [0x00000007aab00000,0x00000007ad780000,0x00000007ad780000)
  from space 3584K, 99% used [0x00000007ad780000,0x00000007adaf9f88,0x00000007adb00000)
  to   space 11264K, 0% used [0x00000007ae480000,0x00000007ae480000,0x00000007aef80000)
 ParOldGen       total 2796544K, used 1472864K [0x0000000700000000, 0x00000007aab00000, 0x00000007aab00000)
  object space 2796544K, 52% used [0x0000000700000000,0x0000000759e58240,0x00000007aab00000)
 Metaspace       used 76542K, committed 78016K, reserved 1179648K
  class space    used 8159K, committed 8832K, reserved 1048576K
}
Event: 304.765 GC heap after
{Heap after GC invocations=83 (full 11):
 PSYoungGen      total 55808K, used 11246K [0x00000007aab00000, 0x00000007af580000, 0x0000000800000000)
  eden space 44544K, 0% used [0x00000007aab00000,0x00000007aab00000,0x00000007ad680000)
  from space 11264K, 99% used [0x00000007ae480000,0x00000007aef7bb48,0x00000007aef80000)
  to   space 14336K, 0% used [0x00000007ad680000,0x00000007ad680000,0x00000007ae480000)
 ParOldGen       total 2796544K, used 1474703K [0x0000000700000000, 0x00000007aab00000, 0x00000007aab00000)
  object space 2796544K, 52% used [0x0000000700000000,0x000000075a023e30,0x00000007aab00000)
 Metaspace       used 76542K, committed 78016K, reserved 1179648K
  class space    used 8159K, committed 8832K, reserved 1048576K
}
Event: 308.777 GC heap before
{Heap before GC invocations=84 (full 11):
 PSYoungGen      total 55808K, used 55790K [0x00000007aab00000, 0x00000007af580000, 0x0000000800000000)
  eden space 44544K, 100% used [0x00000007aab00000,0x00000007ad680000,0x00000007ad680000)
  from space 11264K, 99% used [0x00000007ae480000,0x00000007aef7bb48,0x00000007aef80000)
  to   space 14336K, 0% used [0x00000007ad680000,0x00000007ad680000,0x00000007ae480000)
 ParOldGen       total 2796544K, used 1474703K [0x0000000700000000, 0x00000007aab00000, 0x00000007aab00000)
  object space 2796544K, 52% used [0x0000000700000000,0x000000075a023e30,0x00000007aab00000)
 Metaspace       used 76552K, committed 78016K, reserved 1179648K
  class space    used 8161K, committed 8832K, reserved 1048576K
}
Event: 308.804 GC heap after
{Heap after GC invocations=84 (full 11):
 PSYoungGen      total 54272K, used 9559K [0x00000007aab00000, 0x00000007aee00000, 0x0000000800000000)
  eden space 44544K, 0% used [0x00000007aab00000,0x00000007aab00000,0x00000007ad680000)
  from space 9728K, 98% used [0x00000007ad680000,0x00000007adfd5e38,0x00000007ae000000)
  to   space 11264K, 0% used [0x00000007ae300000,0x00000007ae300000,0x00000007aee00000)
 ParOldGen       total 2796544K, used 1485392K [0x0000000700000000, 0x00000007aab00000, 0x00000007aab00000)
  object space 2796544K, 53% used [0x0000000700000000,0x000000075aa94010,0x00000007aab00000)
 Metaspace       used 76552K, committed 78016K, reserved 1179648K
  class space    used 8161K, committed 8832K, reserved 1048576K
}
Event: 311.421 GC heap before
{Heap before GC invocations=85 (full 11):
 PSYoungGen      total 54272K, used 54103K [0x00000007aab00000, 0x00000007aee00000, 0x0000000800000000)
  eden space 44544K, 100% used [0x00000007aab00000,0x00000007ad680000,0x00000007ad680000)
  from space 9728K, 98% used [0x00000007ad680000,0x00000007adfd5e38,0x00000007ae000000)
  to   space 11264K, 0% used [0x00000007ae300000,0x00000007ae300000,0x00000007aee00000)
 ParOldGen       total 2796544K, used 1485392K [0x0000000700000000, 0x00000007aab00000, 0x00000007aab00000)
  object space 2796544K, 53% used [0x0000000700000000,0x000000075aa94010,0x00000007aab00000)
 Metaspace       used 76722K, committed 78144K, reserved 1179648K
  class space    used 8185K, committed 8832K, reserved 1048576K
}
Event: 311.460 GC heap after
{Heap after GC invocations=85 (full 11):
 PSYoungGen      total 55808K, used 11241K [0x00000007aab00000, 0x00000007aee00000, 0x0000000800000000)
  eden space 44544K, 0% used [0x00000007aab00000,0x00000007aab00000,0x00000007ad680000)
  from space 11264K, 99% used [0x00000007ae300000,0x00000007aedfa7c8,0x00000007aee00000)
  to   space 9728K, 0% used [0x00000007ad680000,0x00000007ad680000,0x00000007ae000000)
 ParOldGen       total 2796544K, used 1492627K [0x0000000700000000, 0x00000007aab00000, 0x00000007aab00000)
  object space 2796544K, 53% used [0x0000000700000000,0x000000075b1a4d48,0x00000007aab00000)
 Metaspace       used 76722K, committed 78144K, reserved 1179648K
  class space    used 8185K, committed 8832K, reserved 1048576K
}

