# JRE version: OpenJDK Runtime Environment Temurin-21.0.12.1+1 (21.0.12.1+1) (build 21.0.12.1+1-LTS)
# Java VM: OpenJDK 64-Bit Server VM Temurin-21.0.12.1+1 (21.0.12.1+1-LTS, mixed mode, sharing, tiered, compressed oops, compressed class ptrs, parallel gc, windows-amd64)
GC Precious Log:
 CardTable entry size: 512
 CPUs: 4 total, 4 available
 Memory: 4053M
 Large Page Support: Disabled
 NUMA Support: Disabled
 Compressed Oops: Enabled (Zero based)
 Alignments: Space 512K, Generation 512K, Heap 2M
 Heap Min Capacity: 100M
 Heap Initial Capacity: 100M
 Heap Max Capacity: 4G
 Pre-touch: Disabled
 Parallel Workers: 4
Heap:
 PSYoungGen      total 20992K, used 6849K [0x00000007aab00000, 0x00000007ac280000, 0x0000000800000000)
  eden space 18944K, 26% used [0x00000007aab00000,0x00000007aafebbb8,0x00000007abd80000)
  from space 2048K, 88% used [0x00000007ac080000,0x00000007ac244910,0x00000007ac280000)
  to   space 2048K, 0% used [0x00000007abe80000,0x00000007abe80000,0x00000007ac080000)
 ParOldGen       total 68608K, used 45133K [0x0000000700000000, 0x0000000704300000, 0x00000007aab00000)
  object space 68608K, 65% used [0x0000000700000000,0x0000000702c13538,0x0000000704300000)
 Metaspace       used 55254K, committed 56576K, reserved 1114112K
  class space    used 6016K, committed 6592K, reserved 1048576K
GC Heap History (20 events):
Event: 18.132 GC heap before
{Heap before GC invocations=23 (full 2):
 PSYoungGen      total 22016K, used 21984K [0x00000007aab00000, 0x00000007ac680000, 0x0000000800000000)
  eden space 20992K, 100% used [0x00000007aab00000,0x00000007abf80000,0x00000007abf80000)
  from space 1024K, 96% used [0x00000007ac280000,0x00000007ac378020,0x00000007ac380000)
  to   space 3072K, 0% used [0x00000007abf80000,0x00000007abf80000,0x00000007ac280000)
 ParOldGen       total 68608K, used 26885K [0x0000000700000000, 0x0000000704300000, 0x00000007aab00000)
  object space 68608K, 39% used [0x0000000700000000,0x0000000701a417c0,0x0000000704300000)
 Metaspace       used 51012K, committed 52352K, reserved 1114112K
  class space    used 5583K, committed 6144K, reserved 1048576K
}
Event: 18.137 GC heap after
{Heap after GC invocations=23 (full 2):
 PSYoungGen      total 23040K, used 1856K [0x00000007aab00000, 0x00000007ac480000, 0x0000000800000000)
  eden space 20992K, 0% used [0x00000007aab00000,0x00000007aab00000,0x00000007abf80000)
  from space 2048K, 90% used [0x00000007abf80000,0x00000007ac150010,0x00000007ac180000)
  to   space 2560K, 0% used [0x00000007ac200000,0x00000007ac200000,0x00000007ac480000)
 ParOldGen       total 68608K, used 27845K [0x0000000700000000, 0x0000000704300000, 0x00000007aab00000)
  object space 68608K, 40% used [0x0000000700000000,0x0000000701b317f0,0x0000000704300000)
 Metaspace       used 51012K, committed 52352K, reserved 1114112K
  class space    used 5583K, committed 6144K, reserved 1048576K
}
Event: 18.749 GC heap before
{Heap before GC invocations=24 (full 2):
 PSYoungGen      total 23040K, used 22848K [0x00000007aab00000, 0x00000007ac480000, 0x0000000800000000)
  eden space 20992K, 100% used [0x00000007aab00000,0x00000007abf80000,0x00000007abf80000)
  from space 2048K, 90% used [0x00000007abf80000,0x00000007ac150010,0x00000007ac180000)
  to   space 2560K, 0% used [0x00000007ac200000,0x00000007ac200000,0x00000007ac480000)
 ParOldGen       total 68608K, used 27845K [0x0000000700000000, 0x0000000704300000, 0x00000007aab00000)
  object space 68608K, 40% used [0x0000000700000000,0x0000000701b317f0,0x0000000704300000)
 Metaspace       used 51268K, committed 52608K, reserved 1114112K
  class space    used 5623K, committed 6208K, reserved 1048576K
}
Event: 18.757 GC heap after
{Heap after GC invocations=24 (full 2):
 PSYoungGen      total 23552K, used 2402K [0x00000007aab00000, 0x00000007ac480000, 0x0000000800000000)
  eden space 20992K, 0% used [0x00000007aab00000,0x00000007aab00000,0x00000007abf80000)
  from space 2560K, 93% used [0x00000007ac200000,0x00000007ac458850,0x00000007ac480000)
  to   space 2560K, 0% used [0x00000007abf80000,0x00000007abf80000,0x00000007ac200000)
 ParOldGen       total 68608K, used 29589K [0x0000000700000000, 0x0000000704300000, 0x00000007aab00000)
  object space 68608K, 43% used [0x0000000700000000,0x0000000701ce57f0,0x0000000704300000)
 Metaspace       used 51268K, committed 52608K, reserved 1114112K
  class space    used 5623K, committed 6208K, reserved 1048576K
}
Event: 19.065 GC heap before
{Heap before GC invocations=25 (full 2):
 PSYoungGen      total 23552K, used 23394K [0x00000007aab00000, 0x00000007ac480000, 0x0000000800000000)
  eden space 20992K, 100% used [0x00000007aab00000,0x00000007abf80000,0x00000007abf80000)
  from space 2560K, 93% used [0x00000007ac200000,0x00000007ac458850,0x00000007ac480000)
  to   space 2560K, 0% used [0x00000007abf80000,0x00000007abf80000,0x00000007ac200000)
 ParOldGen       total 68608K, used 29589K [0x0000000700000000, 0x0000000704300000, 0x00000007aab00000)
  object space 68608K, 43% used [0x0000000700000000,0x0000000701ce57f0,0x0000000704300000)
 Metaspace       used 51285K, committed 52608K, reserved 1114112K
  class space    used 5623K, committed 6208K, reserved 1048576K
}
Event: 19.074 GC heap after
{Heap after GC invocations=25 (full 2):
 PSYoungGen      total 23552K, used 1984K [0x00000007aab00000, 0x00000007ac480000, 0x0000000800000000)
  eden space 20992K, 0% used [0x00000007aab00000,0x00000007aab00000,0x00000007abf80000)
  from space 2560K, 77% used [0x00000007abf80000,0x00000007ac170000,0x00000007ac200000)
  to   space 2560K, 0% used [0x00000007ac200000,0x00000007ac200000,0x00000007ac480000)
 ParOldGen       total 68608K, used 31924K [0x0000000700000000, 0x0000000704300000, 0x00000007aab00000)
  object space 68608K, 46% used [0x0000000700000000,0x0000000701f2d058,0x0000000704300000)
 Metaspace       used 51285K, committed 52608K, reserved 1114112K
  class space    used 5623K, committed 6208K, reserved 1048576K
}
Event: 19.475 GC heap before
{Heap before GC invocations=26 (full 2):
 PSYoungGen      total 23552K, used 22975K [0x00000007aab00000, 0x00000007ac480000, 0x0000000800000000)
  eden space 20992K, 99% used [0x00000007aab00000,0x00000007abf7fff0,0x00000007abf80000)
  from space 2560K, 77% used [0x00000007abf80000,0x00000007ac170000,0x00000007ac200000)
  to   space 2560K, 0% used [0x00000007ac200000,0x00000007ac200000,0x00000007ac480000)
 ParOldGen       total 68608K, used 31924K [0x0000000700000000, 0x0000000704300000, 0x00000007aab00000)
  object space 68608K, 46% used [0x0000000700000000,0x0000000701f2d058,0x0000000704300000)
 Metaspace       used 51334K, committed 52672K, reserved 1114112K
  class space    used 5626K, committed 6208K, reserved 1048576K
}
Event: 19.486 GC heap after
{Heap after GC invocations=26 (full 2):
 PSYoungGen      total 23552K, used 2066K [0x00000007aab00000, 0x00000007ac480000, 0x0000000800000000)
  eden space 20992K, 0% used [0x00000007aab00000,0x00000007aab00000,0x00000007abf80000)
  from space 2560K, 80% used [0x00000007ac200000,0x00000007ac4048a8,0x00000007ac480000)
  to   space 2560K, 0% used [0x00000007abf80000,0x00000007abf80000,0x00000007ac200000)
 ParOldGen       total 68608K, used 33858K [0x0000000700000000, 0x0000000704300000, 0x00000007aab00000)
  object space 68608K, 49% used [0x0000000700000000,0x0000000702110a20,0x0000000704300000)
 Metaspace       used 51334K, committed 52672K, reserved 1114112K
  class space    used 5626K, committed 6208K, reserved 1048576K
}
Event: 19.665 GC heap before
{Heap before GC invocations=27 (full 2):
 PSYoungGen      total 23552K, used 23058K [0x00000007aab00000, 0x00000007ac480000, 0x0000000800000000)
  eden space 20992K, 100% used [0x00000007aab00000,0x00000007abf80000,0x00000007abf80000)
  from space 2560K, 80% used [0x00000007ac200000,0x00000007ac4048a8,0x00000007ac480000)
  to   space 2560K, 0% used [0x00000007abf80000,0x00000007abf80000,0x00000007ac200000)
 ParOldGen       total 68608K, used 33858K [0x0000000700000000, 0x0000000704300000, 0x00000007aab00000)
  object space 68608K, 49% used [0x0000000700000000,0x0000000702110a20,0x0000000704300000)
 Metaspace       used 51403K, committed 52800K, reserved 1114112K
  class space    used 5631K, committed 6208K, reserved 1048576K
}
Event: 19.675 GC heap after
{Heap after GC invocations=27 (full 2):
 PSYoungGen      total 23552K, used 2176K [0x00000007aab00000, 0x00000007ac480000, 0x0000000800000000)
  eden space 20992K, 0% used [0x00000007aab00000,0x00000007aab00000,0x00000007abf80000)
  from space 2560K, 85% used [0x00000007abf80000,0x00000007ac1a0010,0x00000007ac200000)
  to   space 2560K, 0% used [0x00000007ac200000,0x00000007ac200000,0x00000007ac480000)
 ParOldGen       total 68608K, used 35804K [0x0000000700000000, 0x0000000704300000, 0x00000007aab00000)
  object space 68608K, 52% used [0x0000000700000000,0x00000007022f7298,0x0000000704300000)
 Metaspace       used 51403K, committed 52800K, reserved 1114112K
  class space    used 5631K, committed 6208K, reserved 1048576K
}
Event: 20.344 GC heap before
{Heap before GC invocations=28 (full 2):
 PSYoungGen      total 23552K, used 23168K [0x00000007aab00000, 0x00000007ac480000, 0x0000000800000000)
  eden space 20992K, 100% used [0x00000007aab00000,0x00000007abf80000,0x00000007abf80000)
  from space 2560K, 85% used [0x00000007abf80000,0x00000007ac1a0010,0x00000007ac200000)
  to   space 2560K, 0% used [0x00000007ac200000,0x00000007ac200000,0x00000007ac480000)
 ParOldGen       total 68608K, used 35804K [0x0000000700000000, 0x0000000704300000, 0x00000007aab00000)
  object space 68608K, 52% used [0x0000000700000000,0x00000007022f7298,0x0000000704300000)
 Metaspace       used 51481K, committed 52864K, reserved 1114112K
  class space    used 5631K, committed 6208K, reserved 1048576K
}
Event: 20.354 GC heap after
{Heap after GC invocations=28 (full 2):
 PSYoungGen      total 23040K, used 1952K [0x00000007aab00000, 0x00000007ac400000, 0x0000000800000000)
  eden space 20992K, 0% used [0x00000007aab00000,0x00000007aab00000,0x00000007abf80000)
  from space 2048K, 95% used [0x00000007ac200000,0x00000007ac3e8000,0x00000007ac400000)
  to   space 2048K, 0% used [0x00000007ac000000,0x00000007ac000000,0x00000007ac200000)
 ParOldGen       total 68608K, used 37906K [0x0000000700000000, 0x0000000704300000, 0x00000007aab00000)
  object space 68608K, 55% used [0x0000000700000000,0x00000007025049c0,0x0000000704300000)
 Metaspace       used 51481K, committed 52864K, reserved 1114112K
  class space    used 5631K, committed 6208K, reserved 1048576K
}
Event: 21.158 GC heap before
{Heap before GC invocations=29 (full 2):
 PSYoungGen      total 23040K, used 22944K [0x00000007aab00000, 0x00000007ac400000, 0x0000000800000000)
  eden space 20992K, 100% used [0x00000007aab00000,0x00000007abf80000,0x00000007abf80000)
  from space 2048K, 95% used [0x00000007ac200000,0x00000007ac3e8000,0x00000007ac400000)
  to   space 2048K, 0% used [0x00000007ac000000,0x00000007ac000000,0x00000007ac200000)
 ParOldGen       total 68608K, used 37906K [0x0000000700000000, 0x0000000704300000, 0x00000007aab00000)
  object space 68608K, 55% used [0x0000000700000000,0x00000007025049c0,0x0000000704300000)
 Metaspace       used 52093K, committed 53440K, reserved 1114112K
  class space    used 5719K, committed 6272K, reserved 1048576K
}
Event: 21.165 GC heap after
{Heap after GC invocations=29 (full 2):
 PSYoungGen      total 22528K, used 1527K [0x00000007aab00000, 0x00000007ac380000, 0x0000000800000000)
  eden space 20992K, 0% used [0x00000007aab00000,0x00000007aab00000,0x00000007abf80000)
  from space 1536K, 99% used [0x00000007ac000000,0x00000007ac17df08,0x00000007ac180000)
  to   space 2048K, 0% used [0x00000007ac180000,0x00000007ac180000,0x00000007ac380000)
 ParOldGen       total 68608K, used 39774K [0x0000000700000000, 0x0000000704300000, 0x00000007aab00000)
  object space 68608K, 57% used [0x0000000700000000,0x00000007026d79c0,0x0000000704300000)
 Metaspace       used 52093K, committed 53440K, reserved 1114112K
  class space    used 5719K, committed 6272K, reserved 1048576K
}
Event: 21.895 GC heap before
{Heap before GC invocations=30 (full 2):
 PSYoungGen      total 22528K, used 22519K [0x00000007aab00000, 0x00000007ac380000, 0x0000000800000000)
  eden space 20992K, 100% used [0x00000007aab00000,0x00000007abf80000,0x00000007abf80000)
  from space 1536K, 99% used [0x00000007ac000000,0x00000007ac17df08,0x00000007ac180000)
  to   space 2048K, 0% used [0x00000007ac180000,0x00000007ac180000,0x00000007ac380000)
 ParOldGen       total 68608K, used 39774K [0x0000000700000000, 0x0000000704300000, 0x00000007aab00000)
  object space 68608K, 57% used [0x0000000700000000,0x00000007026d79c0,0x0000000704300000)
 Metaspace       used 52644K, committed 53952K, reserved 1114112K
  class space    used 5788K, committed 6336K, reserved 1048576K
}
Event: 21.903 GC heap after
{Heap after GC invocations=30 (full 2):
 PSYoungGen      total 20992K, used 2022K [0x00000007aab00000, 0x00000007ac780000, 0x0000000800000000)
  eden space 18944K, 0% used [0x00000007aab00000,0x00000007aab00000,0x00000007abd80000)
  from space 2048K, 98% used [0x00000007ac180000,0x00000007ac379a88,0x00000007ac380000)
  to   space 4096K, 0% used [0x00000007abd80000,0x00000007abd80000,0x00000007ac180000)
 ParOldGen       total 68608K, used 41239K [0x0000000700000000, 0x0000000704300000, 0x00000007aab00000)
  object space 68608K, 60% used [0x0000000700000000,0x0000000702845e18,0x0000000704300000)
 Metaspace       used 52644K, committed 53952K, reserved 1114112K
  class space    used 5788K, committed 6336K, reserved 1048576K
}
Event: 22.442 GC heap before
{Heap before GC invocations=31 (full 2):
 PSYoungGen      total 20992K, used 20966K [0x00000007aab00000, 0x00000007ac780000, 0x0000000800000000)
  eden space 18944K, 100% used [0x00000007aab00000,0x00000007abd80000,0x00000007abd80000)
  from space 2048K, 98% used [0x00000007ac180000,0x00000007ac379a88,0x00000007ac380000)
  to   space 4096K, 0% used [0x00000007abd80000,0x00000007abd80000,0x00000007ac180000)
 ParOldGen       total 68608K, used 41239K [0x0000000700000000, 0x0000000704300000, 0x00000007aab00000)
  object space 68608K, 60% used [0x0000000700000000,0x0000000702845e18,0x0000000704300000)
 Metaspace       used 53281K, committed 54592K, reserved 1114112K
  class space    used 5850K, committed 6400K, reserved 1048576K
}
Event: 22.451 GC heap after
{Heap after GC invocations=31 (full 2):
 PSYoungGen      total 21504K, used 2162K [0x00000007aab00000, 0x00000007ac380000, 0x0000000800000000)
  eden space 18944K, 0% used [0x00000007aab00000,0x00000007aab00000,0x00000007abd80000)
  from space 2560K, 84% used [0x00000007abd80000,0x00000007abf9c990,0x00000007ac000000)
  to   space 3072K, 0% used [0x00000007ac080000,0x00000007ac080000,0x00000007ac380000)
 ParOldGen       total 68608K, used 43104K [0x0000000700000000, 0x0000000704300000, 0x00000007aab00000)
  object space 68608K, 62% used [0x0000000700000000,0x0000000702a18150,0x0000000704300000)
 Metaspace       used 53281K, committed 54592K, reserved 1114112K
  class space    used 5850K, committed 6400K, reserved 1048576K
}
Event: 23.192 GC heap before
{Heap before GC invocations=32 (full 2):
 PSYoungGen      total 21504K, used 21106K [0x00000007aab00000, 0x00000007ac380000, 0x0000000800000000)
  eden space 18944K, 100% used [0x00000007aab00000,0x00000007abd80000,0x00000007abd80000)
  from space 2560K, 84% used [0x00000007abd80000,0x00000007abf9c990,0x00000007ac000000)
  to   space 3072K, 0% used [0x00000007ac080000,0x00000007ac080000,0x00000007ac380000)
 ParOldGen       total 68608K, used 43104K [0x0000000700000000, 0x0000000704300000, 0x00000007aab00000)
  object space 68608K, 62% used [0x0000000700000000,0x0000000702a18150,0x0000000704300000)
 Metaspace       used 54630K, committed 56000K, reserved 1114112K
  class space    used 5972K, committed 6528K, reserved 1048576K
}
Event: 23.202 GC heap after
{Heap after GC invocations=32 (full 2):
 PSYoungGen      total 20992K, used 1810K [0x00000007aab00000, 0x00000007ac280000, 0x0000000800000000)
  eden space 18944K, 0% used [0x00000007aab00000,0x00000007aab00000,0x00000007abd80000)
  from space 2048K, 88% used [0x00000007ac080000,0x00000007ac244910,0x00000007ac280000)
  to   space 2048K, 0% used [0x00000007abe80000,0x00000007abe80000,0x00000007ac080000)
 ParOldGen       total 68608K, used 45133K [0x0000000700000000, 0x0000000704300000, 0x00000007aab00000)
  object space 68608K, 65% used [0x0000000700000000,0x0000000702c13538,0x0000000704300000)
 Metaspace       used 54630K, committed 56000K, reserved 1114112K
  class space    used 5972K, committed 6528K, reserved 1048576K
}

